Determining if the pthread_create exist failed with the following output:
Change Dir: /home/xavier/vincent-dev/xavier_navigation/build/CMakeFiles/CMakeTmp

Run Build Command:"/usr/bin/make" "cmTC_4b59c/fast"
/usr/bin/make -f CMakeFiles/cmTC_4b59c.dir/build.make CMakeFiles/cmTC_4b59c.dir/build
make[1]: Entering directory '/home/xavier/vincent-dev/xavier_navigation/build/CMakeFiles/CMakeTmp'
Building C object CMakeFiles/cmTC_4b59c.dir/CheckSymbolExists.c.o
/usr/bin/cc    -o CMakeFiles/cmTC_4b59c.dir/CheckSymbolExists.c.o   -c /home/xavier/vincent-dev/xavier_navigation/build/CMakeFiles/CMakeTmp/CheckSymbolExists.c
Linking C executable cmTC_4b59c
/usr/bin/cmake -E cmake_link_script CMakeFiles/cmTC_4b59c.dir/link.txt --verbose=1
/usr/bin/cc      -rdynamic CMakeFiles/cmTC_4b59c.dir/CheckSymbolExists.c.o  -o cmTC_4b59c 
CMakeFiles/cmTC_4b59c.dir/CheckSymbolExists.c.o: In function `main':
CheckSymbolExists.c:(.text+0x14): undefined reference to `pthread_create'
CheckSymbolExists.c:(.text+0x18): undefined reference to `pthread_create'
collect2: error: ld returned 1 exit status
CMakeFiles/cmTC_4b59c.dir/build.make:97: recipe for target 'cmTC_4b59c' failed
make[1]: *** [cmTC_4b59c] Error 1
make[1]: Leaving directory '/home/xavier/vincent-dev/xavier_navigation/build/CMakeFiles/CMakeTmp'
Makefile:126: recipe for target 'cmTC_4b59c/fast' failed
make: *** [cmTC_4b59c/fast] Error 2

File /home/xavier/vincent-dev/xavier_navigation/build/CMakeFiles/CMakeTmp/CheckSymbolExists.c:
/* */
#include <pthread.h>

int main(int argc, char** argv)
{
  (void)argv;
#ifndef pthread_create
  return ((int*)(&pthread_create))[argc];
#else
  (void)argc;
  return 0;
#endif
}

Determining if the function pthread_create exists in the pthreads failed with the following output:
Change Dir: /home/xavier/vincent-dev/xavier_navigation/build/CMakeFiles/CMakeTmp

Run Build Command:"/usr/bin/make" "cmTC_439ef/fast"
/usr/bin/make -f CMakeFiles/cmTC_439ef.dir/build.make CMakeFiles/cmTC_439ef.dir/build
make[1]: Entering directory '/home/xavier/vincent-dev/xavier_navigation/build/CMakeFiles/CMakeTmp'
Building C object CMakeFiles/cmTC_439ef.dir/CheckFunctionExists.c.o
/usr/bin/cc   -DCHECK_FUNCTION_EXISTS=pthread_create   -o CMakeFiles/cmTC_439ef.dir/CheckFunctionExists.c.o   -c /usr/share/cmake-3.10/Modules/CheckFunctionExists.c
Linking C executable cmTC_439ef
/usr/bin/cmake -E cmake_link_script CMakeFiles/cmTC_439ef.dir/link.txt --verbose=1
/usr/bin/cc  -DCHECK_FUNCTION_EXISTS=pthread_create    -rdynamic CMakeFiles/cmTC_439ef.dir/CheckFunctionExists.c.o  -o cmTC_439ef -lpthreads 
/usr/bin/ld: cannot find -lpthreads
collect2: error: ld returned 1 exit status
CMakeFiles/cmTC_439ef.dir/build.make:97: recipe for target 'cmTC_439ef' failed
make[1]: *** [cmTC_439ef] Error 1
make[1]: Leaving directory '/home/xavier/vincent-dev/xavier_navigation/build/CMakeFiles/CMakeTmp'
Makefile:126: recipe for target 'cmTC_439ef/fast' failed
make: *** [cmTC_439ef/fast] Error 2


